<?xml version="1.0" encoding="UTF-8"?>
<!-- Generated by org.testng.reporters.JUnitReportReporter -->
<testsuite hostname="Abhays-MacBook-Pro.local" failures="0" tests="2" name="testcases.PostmanEchoGetTest" time="8.441" errors="0" timestamp="21 Jul 2020 16:25:27 GMT" skipped="0">
  <testcase classname="testcases.PostmanEchoGetTest" name="getResponseBodyValidate" time="3.793"/>
  <testcase classname="testcases.PostmanEchoGetTest" name="validateNotMatchingContent" time="4.648"/>
</testsuite> <!-- testcases.PostmanEchoGetTest -->
