<?xml version="1.0" encoding="UTF-8"?>
<!-- Generated by org.testng.reporters.JUnitReportReporter -->
<testsuite hostname="Abhays-MacBook-Pro.local" failures="0" tests="2" name="testcases.PostmanEchoGetTest" time="11.726" errors="0" timestamp="21 Jul 2020 18:44:37 GMT" skipped="0">
  <testcase classname="testcases.PostmanEchoGetTest" name="getResponseBodyValidate" time="5.285"/>
  <testcase classname="testcases.PostmanEchoGetTest" name="validateNotMatchingContent" time="6.441"/>
</testsuite> <!-- testcases.PostmanEchoGetTest -->
