<?xml version="1.0" encoding="UTF-8"?>
<!-- Generated by org.testng.reporters.JUnitReportReporter -->
<testsuite hostname="Abhays-MacBook-Pro.local" failures="0" tests="1" name="testcases.PostmanEchoPostTest" time="1.325" errors="0" timestamp="21 Jul 2020 18:59:33 GMT" skipped="0">
  <testcase classname="testcases.PostmanEchoPostTest" name="postValidationTest" time="1.325"/>
</testsuite> <!-- testcases.PostmanEchoPostTest -->
