<?xml version="1.0" encoding="UTF-8"?>
<!-- Generated by org.testng.reporters.JUnitReportReporter -->
<testsuite hostname="Abhays-MacBook-Pro.local" failures="0" tests="2" name="testcases.PostmanEchoGetTest" time="7.949" errors="0" timestamp="21 Jul 2020 18:59:33 GMT" skipped="0">
  <testcase classname="testcases.PostmanEchoGetTest" name="validateNotMatchingContent" time="4.201"/>
  <testcase classname="testcases.PostmanEchoGetTest" name="getResponseBodyValidate" time="3.748"/>
</testsuite> <!-- testcases.PostmanEchoGetTest -->
